<?xml version="1.0" encoding="UTF-8"?>
<!-- Generated by org.testng.reporters.JUnitReportReporter -->
<testsuite hostname="DESKTOP-4GK86VS" failures="0" tests="1" name="com.testNG.NewTest" time="9.985" errors="0" timestamp="2024-02-12T16:41:30 IST" skipped="0">
  <testcase classname="com.testNG.NewTest" name="browserlaunch" time="9.985"/>
</testsuite> <!-- com.testNG.NewTest -->
